#! /c/Source/iverilog-install/bin/vvp
:ivl_version "12.0 (devel)" "(s20150603-1539-g2693dd32b)";
:ivl_delay_selection "TYPICAL";
:vpi_time_precision - 12;
:vpi_module "C:\Users\iverilog\lib\ivl\system.vpi";
:vpi_module "C:\Users\iverilog\lib\ivl\vhdl_sys.vpi";
:vpi_module "C:\Users\iverilog\lib\ivl\vhdl_textio.vpi";
:vpi_module "C:\Users\iverilog\lib\ivl\v2005_math.vpi";
:vpi_module "C:\Users\iverilog\lib\ivl\va_math.vpi";
S_000001a66b0abcc0 .scope module, "tb_PIPO" "tb_PIPO" 2 3;
 .timescale -9 -12;
v000001a66b0f6cb0_0 .var "clear", 0 0;
v000001a66b0f3f10_0 .var "clk", 0 0;
v000001a66b0f3fb0_0 .var "load", 0 0;
v000001a66b0f4050_0 .var "p_in", 3 0;
v000001a66b0f40f0_0 .net "p_out", 3 0, v000001a66b0f6c10_0;  1 drivers
S_000001a66b0f6940 .scope module, "uut" "PIPO" 2 10, 3 1 0, S_000001a66b0abcc0;
 .timescale 0 0;
    .port_info 0 /INPUT 4 "p_in";
    .port_info 1 /INPUT 1 "clear";
    .port_info 2 /INPUT 1 "clk";
    .port_info 3 /INPUT 1 "load";
    .port_info 4 /OUTPUT 4 "p_out";
v000001a66b0c2fe0_0 .net "clear", 0 0, v000001a66b0f6cb0_0;  1 drivers
v000001a66b0abe50_0 .net "clk", 0 0, v000001a66b0f3f10_0;  1 drivers
v000001a66b0f6ad0_0 .net "load", 0 0, v000001a66b0f3fb0_0;  1 drivers
v000001a66b0f6b70_0 .net "p_in", 3 0, v000001a66b0f4050_0;  1 drivers
v000001a66b0f6c10_0 .var "p_out", 3 0;
E_000001a66b0e6700 .event posedge, v000001a66b0abe50_0;
    .scope S_000001a66b0f6940;
T_0 ;
    %wait E_000001a66b0e6700;
    %load/vec4 v000001a66b0c2fe0_0;
    %flag_set/vec4 8;
    %jmp/0xz  T_0.0, 8;
    %pushi/vec4 0, 0, 4;
    %assign/vec4 v000001a66b0f6c10_0, 0;
    %jmp T_0.1;
T_0.0 ;
    %load/vec4 v000001a66b0f6ad0_0;
    %flag_set/vec4 8;
    %jmp/0xz  T_0.2, 8;
    %load/vec4 v000001a66b0f6c10_0;
    %assign/vec4 v000001a66b0f6c10_0, 0;
    %jmp T_0.3;
T_0.2 ;
    %load/vec4 v000001a66b0f6c10_0;
    %assign/vec4 v000001a66b0f6c10_0, 0;
T_0.3 ;
T_0.1 ;
    %jmp T_0;
    .thread T_0;
    .scope S_000001a66b0abcc0;
T_1 ;
    %pushi/vec4 0, 0, 1;
    %store/vec4 v000001a66b0f3f10_0, 0, 1;
    %end;
    .thread T_1;
    .scope S_000001a66b0abcc0;
T_2 ;
    %delay 5000, 0;
    %load/vec4 v000001a66b0f3f10_0;
    %inv;
    %store/vec4 v000001a66b0f3f10_0, 0, 1;
    %jmp T_2;
    .thread T_2;
    .scope S_000001a66b0abcc0;
T_3 ;
    %vpi_call 2 23 "$dumpfile", "PIPOWaveform.vcd" {0 0 0};
    %vpi_call 2 24 "$dumpvars", 32'sb00000000000000000000000000000000, S_000001a66b0abcc0 {0 0 0};
    %pushi/vec4 1, 0, 1;
    %store/vec4 v000001a66b0f6cb0_0, 0, 1;
    %pushi/vec4 0, 0, 1;
    %store/vec4 v000001a66b0f3fb0_0, 0, 1;
    %delay 10000, 0;
    %pushi/vec4 1, 0, 1;
    %store/vec4 v000001a66b0f3fb0_0, 0, 1;
    %pushi/vec4 11, 0, 4;
    %store/vec4 v000001a66b0f4050_0, 0, 4;
    %delay 10000, 0;
    %pushi/vec4 0, 0, 1;
    %store/vec4 v000001a66b0f3fb0_0, 0, 1;
    %delay 10000, 0;
    %pushi/vec4 1, 0, 1;
    %store/vec4 v000001a66b0f6cb0_0, 0, 1;
    %delay 10000, 0;
    %vpi_call 2 38 "$finish" {0 0 0};
    %end;
    .thread T_3;
# The file index is used to find the file name in the following table.
:file_names 4;
    "N/A";
    "<interactive>";
    "tb_PIPO.v";
    "PIPO.v";
