#! /c/Source/iverilog-install/bin/vvp
:ivl_version "12.0 (devel)" "(s20150603-1539-g2693dd32b)";
:ivl_delay_selection "TYPICAL";
:vpi_time_precision - 12;
:vpi_module "C:\Users\iverilog\lib\ivl\system.vpi";
:vpi_module "C:\Users\iverilog\lib\ivl\vhdl_sys.vpi";
:vpi_module "C:\Users\iverilog\lib\ivl\vhdl_textio.vpi";
:vpi_module "C:\Users\iverilog\lib\ivl\v2005_math.vpi";
:vpi_module "C:\Users\iverilog\lib\ivl\va_math.vpi";
S_00000205b0c96a90 .scope module, "tb_PISO" "tb_PISO" 2 3;
 .timescale -9 -12;
v00000205b0c93a40_0 .var "clear", 0 0;
v00000205b0c93ae0_0 .var "clk", 0 0;
v00000205b0c93b80_0 .var "en", 0 0;
v00000205b0c93c20_0 .var "p_in", 3 0;
o00000205b0c980a8 .functor BUFZ 1, C4<z>; HiZ drive
v00000205b0c93cc0_0 .net "s_out", 0 0, o00000205b0c980a8;  0 drivers
S_00000205b0c96c20 .scope module, "uut" "PISO" 2 10, 3 1 0, S_00000205b0c96a90;
 .timescale 0 0;
    .port_info 0 /INPUT 1 "clk";
    .port_info 1 /INPUT 1 "clear";
    .port_info 2 /INPUT 4 "p_in";
    .port_info 3 /INPUT 1 "en";
    .port_info 4 /OUTPUT 1 "s_out";
v00000205b0d7be50_0 .net "clear", 0 0, v00000205b0c93a40_0;  1 drivers
v00000205b0d7b730_0 .net "clk", 0 0, v00000205b0c93ae0_0;  1 drivers
v00000205b0c96db0_0 .net "en", 0 0, v00000205b0c93b80_0;  1 drivers
v00000205b0c96e50_0 .var "internal_data", 3 0;
v00000205b0c93900_0 .net "p_in", 3 0, v00000205b0c93c20_0;  1 drivers
v00000205b0c939a0_0 .net "s_out", 0 0, o00000205b0c980a8;  alias, 0 drivers
E_00000205b0c853e0 .event posedge, v00000205b0d7b730_0;
    .scope S_00000205b0c96c20;
T_0 ;
    %wait E_00000205b0c853e0;
    %load/vec4 v00000205b0d7be50_0;
    %flag_set/vec4 8;
    %jmp/0xz  T_0.0, 8;
    %pushi/vec4 0, 0, 4;
    %assign/vec4 v00000205b0c96e50_0, 0;
    %jmp T_0.1;
T_0.0 ;
    %load/vec4 v00000205b0c96db0_0;
    %flag_set/vec4 8;
    %jmp/0xz  T_0.2, 8;
    %load/vec4 v00000205b0c93900_0;
    %assign/vec4 v00000205b0c96e50_0, 0;
    %jmp T_0.3;
T_0.2 ;
    %pushi/vec4 0, 0, 1;
    %load/vec4 v00000205b0c96e50_0;
    %parti/s 3, 1, 2;
    %concat/vec4; draw_concat_vec4
    %assign/vec4 v00000205b0c96e50_0, 0;
T_0.3 ;
T_0.1 ;
    %jmp T_0;
    .thread T_0;
    .scope S_00000205b0c96a90;
T_1 ;
    %pushi/vec4 0, 0, 1;
    %store/vec4 v00000205b0c93ae0_0, 0, 1;
    %end;
    .thread T_1;
    .scope S_00000205b0c96a90;
T_2 ;
    %delay 5000, 0;
    %load/vec4 v00000205b0c93ae0_0;
    %inv;
    %store/vec4 v00000205b0c93ae0_0, 0, 1;
    %jmp T_2;
    .thread T_2;
    .scope S_00000205b0c96a90;
T_3 ;
    %vpi_call 2 23 "$dumpfile", "PISOwaveform.vcd" {0 0 0};
    %vpi_call 2 24 "$dumpvars", 32'sb00000000000000000000000000000000, S_00000205b0c96a90 {0 0 0};
    %pushi/vec4 1, 0, 1;
    %store/vec4 v00000205b0c93a40_0, 0, 1;
    %pushi/vec4 1, 0, 1;
    %store/vec4 v00000205b0c93b80_0, 0, 1;
    %delay 10000, 0;
    %pushi/vec4 0, 0, 1;
    %store/vec4 v00000205b0c93a40_0, 0, 1;
    %pushi/vec4 11, 0, 4;
    %store/vec4 v00000205b0c93c20_0, 0, 4;
    %delay 10000, 0;
    %delay 10000, 0;
    %delay 10000, 0;
    %delay 10000, 0;
    %delay 10000, 0;
    %pushi/vec4 1, 0, 1;
    %store/vec4 v00000205b0c93a40_0, 0, 1;
    %delay 10000, 0;
    %end;
    .thread T_3;
# The file index is used to find the file name in the following table.
:file_names 4;
    "N/A";
    "<interactive>";
    "tb_PISO.v";
    "PISO.v";
