#! /c/Source/iverilog-install/bin/vvp
:ivl_version "12.0 (devel)" "(s20150603-1539-g2693dd32b)";
:ivl_delay_selection "TYPICAL";
:vpi_time_precision - 12;
:vpi_module "C:\Users\iverilog\lib\ivl\system.vpi";
:vpi_module "C:\Users\iverilog\lib\ivl\vhdl_sys.vpi";
:vpi_module "C:\Users\iverilog\lib\ivl\vhdl_textio.vpi";
:vpi_module "C:\Users\iverilog\lib\ivl\v2005_math.vpi";
:vpi_module "C:\Users\iverilog\lib\ivl\va_math.vpi";
S_000002607b1fbd40 .scope module, "tb_SIPO" "tb_SIPO" 2 3;
 .timescale -9 -12;
v000002607b246950_0 .var "clear", 0 0;
v000002607b2469f0_0 .var "clk", 0 0;
v000002607b243d00_0 .net "p_out", 3 0, L_000002607b212c30;  1 drivers
v000002607b243da0_0 .var "s_in", 0 0;
S_000002607b1fa910 .scope module, "uut" "SIPO" 2 9, 3 1 0, S_000002607b1fbd40;
 .timescale 0 0;
    .port_info 0 /INPUT 1 "clk";
    .port_info 1 /INPUT 1 "clear";
    .port_info 2 /INPUT 1 "s_in";
    .port_info 3 /OUTPUT 4 "p_out";
L_000002607b212c30 .functor BUFZ 4, v000002607b246770_0, C4<0000>, C4<0000>, C4<0000>;
v000002607b246630_0 .net "clear", 0 0, v000002607b246950_0;  1 drivers
v000002607b2466d0_0 .net "clk", 0 0, v000002607b2469f0_0;  1 drivers
v000002607b246770_0 .var "internal_data", 3 0;
v000002607b246810_0 .net "p_out", 3 0, L_000002607b212c30;  alias, 1 drivers
v000002607b2468b0_0 .net "s_in", 0 0, v000002607b243da0_0;  1 drivers
E_000002607b2362f0 .event posedge, v000002607b2466d0_0;
    .scope S_000002607b1fa910;
T_0 ;
    %wait E_000002607b2362f0;
    %load/vec4 v000002607b246630_0;
    %flag_set/vec4 8;
    %jmp/0xz  T_0.0, 8;
    %pushi/vec4 0, 0, 4;
    %assign/vec4 v000002607b246770_0, 0;
    %jmp T_0.1;
T_0.0 ;
    %load/vec4 v000002607b2468b0_0;
    %load/vec4 v000002607b246770_0;
    %parti/s 3, 1, 2;
    %concat/vec4; draw_concat_vec4
    %store/vec4 v000002607b246770_0, 0, 4;
T_0.1 ;
    %jmp T_0;
    .thread T_0;
    .scope S_000002607b1fbd40;
T_1 ;
    %pushi/vec4 0, 0, 1;
    %store/vec4 v000002607b2469f0_0, 0, 1;
    %end;
    .thread T_1;
    .scope S_000002607b1fbd40;
T_2 ;
    %delay 5000, 0;
    %load/vec4 v000002607b2469f0_0;
    %inv;
    %store/vec4 v000002607b2469f0_0, 0, 1;
    %jmp T_2;
    .thread T_2;
    .scope S_000002607b1fbd40;
T_3 ;
    %vpi_call 2 20 "$dumpfile", "SIPOwaveform.vcd" {0 0 0};
    %vpi_call 2 21 "$dumpvars", 32'sb00000000000000000000000000000000, S_000002607b1fbd40 {0 0 0};
    %pushi/vec4 1, 0, 1;
    %store/vec4 v000002607b246950_0, 0, 1;
    %delay 10000, 0;
    %pushi/vec4 0, 0, 1;
    %store/vec4 v000002607b246950_0, 0, 1;
    %pushi/vec4 1, 0, 1;
    %store/vec4 v000002607b243da0_0, 0, 1;
    %delay 10000, 0;
    %pushi/vec4 1, 0, 1;
    %store/vec4 v000002607b243da0_0, 0, 1;
    %delay 10000, 0;
    %pushi/vec4 0, 0, 1;
    %store/vec4 v000002607b243da0_0, 0, 1;
    %delay 10000, 0;
    %pushi/vec4 1, 0, 1;
    %store/vec4 v000002607b243da0_0, 0, 1;
    %delay 10000, 0;
    %pushi/vec4 1, 0, 1;
    %store/vec4 v000002607b246950_0, 0, 1;
    %delay 10000, 0;
    %end;
    .thread T_3;
# The file index is used to find the file name in the following table.
:file_names 4;
    "N/A";
    "<interactive>";
    "tb_SIPO.v";
    "SIPO.v";
