#! /c/Source/iverilog-install/bin/vvp
:ivl_version "12.0 (devel)" "(s20150603-1539-g2693dd32b)";
:ivl_delay_selection "TYPICAL";
:vpi_time_precision - 12;
:vpi_module "C:\Users\iverilog\lib\ivl\system.vpi";
:vpi_module "C:\Users\iverilog\lib\ivl\vhdl_sys.vpi";
:vpi_module "C:\Users\iverilog\lib\ivl\vhdl_textio.vpi";
:vpi_module "C:\Users\iverilog\lib\ivl\v2005_math.vpi";
:vpi_module "C:\Users\iverilog\lib\ivl\va_math.vpi";
S_0000011b00eabdb0 .scope module, "tb_SISO" "tb_SISO" 2 3;
 .timescale -9 -12;
v0000011b00ec28d0_0 .var "clear", 0 0;
v0000011b00ec2970_0 .var "clk", 0 0;
v0000011b00ec2a10_0 .var "s_in", 0 0;
v0000011b00ec2ab0_0 .net "s_out", 0 0, v0000011b00ec2830_0;  1 drivers
S_0000011b00eaa560 .scope module, "uut" "SISO" 2 9, 3 1 0, S_0000011b00eabdb0;
 .timescale 0 0;
    .port_info 0 /INPUT 1 "clk";
    .port_info 1 /INPUT 1 "s_in";
    .port_info 2 /INPUT 1 "clear";
    .port_info 3 /OUTPUT 1 "s_out";
v0000011b00eaa980_0 .net "clear", 0 0, v0000011b00ec28d0_0;  1 drivers
v0000011b00eaaa20_0 .net "clk", 0 0, v0000011b00ec2970_0;  1 drivers
v0000011b00eaaac0_0 .var "internal_data", 3 0;
v0000011b00eaab60_0 .net "s_in", 0 0, v0000011b00ec2a10_0;  1 drivers
v0000011b00ec2830_0 .var "s_out", 0 0;
E_0000011b00ee6ed0 .event posedge, v0000011b00eaaa20_0;
    .scope S_0000011b00eaa560;
T_0 ;
    %wait E_0000011b00ee6ed0;
    %load/vec4 v0000011b00eaa980_0;
    %flag_set/vec4 8;
    %jmp/0xz  T_0.0, 8;
    %pushi/vec4 0, 0, 4;
    %assign/vec4 v0000011b00eaaac0_0, 0;
    %pushi/vec4 0, 0, 1;
    %assign/vec4 v0000011b00ec2830_0, 0;
    %jmp T_0.1;
T_0.0 ;
    %load/vec4 v0000011b00eaab60_0;
    %load/vec4 v0000011b00eaaac0_0;
    %parti/s 3, 1, 2;
    %concat/vec4; draw_concat_vec4
    %assign/vec4 v0000011b00eaaac0_0, 0;
    %load/vec4 v0000011b00eaaac0_0;
    %parti/s 1, 0, 2;
    %assign/vec4 v0000011b00ec2830_0, 0;
T_0.1 ;
    %jmp T_0;
    .thread T_0;
    .scope S_0000011b00eabdb0;
T_1 ;
    %pushi/vec4 0, 0, 1;
    %store/vec4 v0000011b00ec2970_0, 0, 1;
    %end;
    .thread T_1;
    .scope S_0000011b00eabdb0;
T_2 ;
    %delay 5000, 0;
    %load/vec4 v0000011b00ec2970_0;
    %inv;
    %store/vec4 v0000011b00ec2970_0, 0, 1;
    %jmp T_2;
    .thread T_2;
    .scope S_0000011b00eabdb0;
T_3 ;
    %vpi_call 2 20 "$dumpfile", "SISOwaveform.vcd" {0 0 0};
    %vpi_call 2 21 "$dumpvars", 32'sb00000000000000000000000000000000, S_0000011b00eabdb0 {0 0 0};
    %pushi/vec4 1, 0, 1;
    %store/vec4 v0000011b00ec28d0_0, 0, 1;
    %delay 10000, 0;
    %vpi_call 2 24 "$display", "CLEAR = %b | OUTPUT = %b", v0000011b00ec28d0_0, v0000011b00ec2ab0_0 {0 0 0};
    %vpi_call 2 26 "$display", "CLEAR = %b | INPUT = %b | OUTPUT = %b", v0000011b00ec28d0_0, v0000011b00ec2a10_0, v0000011b00ec2ab0_0 {0 0 0};
    %pushi/vec4 0, 0, 1;
    %store/vec4 v0000011b00ec28d0_0, 0, 1;
    %delay 10000, 0;
    %pushi/vec4 1, 0, 1;
    %store/vec4 v0000011b00ec2a10_0, 0, 1;
    %delay 10000, 0;
    %vpi_call 2 30 "$display", "CLEAR = %b | INPUT = %b | OUTPUT = %b", v0000011b00ec28d0_0, v0000011b00ec2a10_0, v0000011b00ec2ab0_0 {0 0 0};
    %pushi/vec4 1, 0, 1;
    %store/vec4 v0000011b00ec2a10_0, 0, 1;
    %delay 10000, 0;
    %vpi_call 2 33 "$display", "CLEAR = %b | INPUT = %b | OUTPUT = %b", v0000011b00ec28d0_0, v0000011b00ec2a10_0, v0000011b00ec2ab0_0 {0 0 0};
    %pushi/vec4 0, 0, 1;
    %store/vec4 v0000011b00ec2a10_0, 0, 1;
    %delay 10000, 0;
    %vpi_call 2 36 "$display", "CLEAR = %b | INPUT = %b | OUTPUT = %b", v0000011b00ec28d0_0, v0000011b00ec2a10_0, v0000011b00ec2ab0_0 {0 0 0};
    %pushi/vec4 1, 0, 1;
    %store/vec4 v0000011b00ec2a10_0, 0, 1;
    %delay 10000, 0;
    %delay 10000, 0;
    %vpi_call 2 39 "$display", "CLEAR = %b | INPUT = %b | OUTPUT = %b", v0000011b00ec28d0_0, v0000011b00ec2a10_0, v0000011b00ec2ab0_0 {0 0 0};
    %delay 10000, 0;
    %vpi_call 2 41 "$display", "CLEAR = %b | INPUT = %b | OUTPUT = %b", v0000011b00ec28d0_0, v0000011b00ec2a10_0, v0000011b00ec2ab0_0 {0 0 0};
    %delay 10000, 0;
    %vpi_call 2 43 "$display", "CLEAR = %b | INPUT = %b | OUTPUT = %b", v0000011b00ec28d0_0, v0000011b00ec2a10_0, v0000011b00ec2ab0_0 {0 0 0};
    %delay 10000, 0;
    %vpi_call 2 45 "$display", "CLEAR = %b | INPUT = %b | OUTPUT = %b", v0000011b00ec28d0_0, v0000011b00ec2a10_0, v0000011b00ec2ab0_0 {0 0 0};
    %pushi/vec4 1, 0, 1;
    %store/vec4 v0000011b00ec28d0_0, 0, 1;
    %delay 10000, 0;
    %vpi_call 2 48 "$display", "CLEAR = %b | OUTPUT = %b", v0000011b00ec28d0_0, v0000011b00ec2ab0_0 {0 0 0};
    %vpi_call 2 49 "$finish" {0 0 0};
    %end;
    .thread T_3;
# The file index is used to find the file name in the following table.
:file_names 4;
    "N/A";
    "<interactive>";
    "tb_SISO.v";
    "SISO.v";
